<?xml version="1.0" encoding="UTF-8"?>
<!-- Generated by org.testng.reporters.JUnitXMLReporter -->
<testsuite hostname="Vasile-PC" ignored="0" name="Default test" tests="18" failures="0" timestamp="2020-06-23T23:56:18 EEST" time="53.926" errors="0">
  <testcase name="openGoogle" time="10.204" classname="test_GRID.testDP_Thread"/>
  <testcase name="openGoogle" time="10.545" classname="test_GRID.testDP_Thread"/>
  <testcase name="openGoogle" time="10.605" classname="test_GRID.testDP_Thread"/>
  <testcase name="openGoogle" time="11.318" classname="test_GRID.testDP_Thread"/>
  <testcase name="openGoogle" time="11.802" classname="test_GRID.testDP_Thread"/>
  <testcase name="openGoogle" time="12.981" classname="test_GRID.testDP_Thread"/>
  <testcase name="openGoogle" time="13.779" classname="test_GRID.testDP_Thread"/>
  <testcase name="openGoogle" time="14.917" classname="test_GRID.testDP_Thread"/>
  <testcase name="openGoogle" time="18.982" classname="test_GRID.testDP_Thread"/>
  <testcase name="openGoogle" time="20.059" classname="test_GRID.testDP_Thread"/>
  <testcase name="openGoogle" time="26.739" classname="test_GRID.testDP_Thread"/>
  <testcase name="openGoogle" time="28.338" classname="test_GRID.testDP_Thread"/>
  <testcase name="openGoogle" time="35.485" classname="test_GRID.testDP_Thread"/>
  <testcase name="openGoogle" time="36.726" classname="test_GRID.testDP_Thread"/>
  <testcase name="openGoogle" time="43.947" classname="test_GRID.testDP_Thread"/>
  <testcase name="openGoogle" time="45.103" classname="test_GRID.testDP_Thread"/>
  <testcase name="openGoogle" time="52.284" classname="test_GRID.testDP_Thread"/>
  <testcase name="openGoogle" time="53.892" classname="test_GRID.testDP_Thread"/>
</testsuite> <!-- Default test -->
