<?xml version="1.0" encoding="UTF-8"?>
<!-- Generated by org.testng.reporters.JUnitXMLReporter -->
<testsuite hostname="Vasile-PC" ignored="2" name="Test1" tests="1" failures="0" timestamp="2020-06-20T15:12:36 EEST" time="0.022" errors="0">
  <testcase name="doNothing" time="0.003" classname="testcases.TestCase1"/>
  <testcase name="doLogin" time="0.0" classname="testcases.TestCase1">
    <ignored/>
  </testcase> <!-- doLogin -->
  <testcase name="doUserReg" time="0.0" classname="testcases.TestCase1">
    <ignored/>
  </testcase> <!-- doUserReg -->
</testsuite> <!-- Test1 -->
