<?xml version="1.0" encoding="UTF-8"?>
<!-- Generated by org.testng.reporters.JUnitXMLReporter -->
<testsuite hostname="Vasile-PC" ignored="0" name="Test3" tests="4" failures="1" timestamp="2020-06-20T15:12:36 EEST" time="0.007" errors="0">
  <testcase name="doUserReg" time="0.001" classname="testcases.TestCase3">
    <failure type="java.lang.AssertionError" message="User not registered successfully">
      <![CDATA[java.lang.AssertionError: User not registered successfully
at testcases.TestCase3.doUserReg(TestCase3.java:13)
at java.util.ArrayList.forEach(Unknown Source)
... Removed 28 stack frames]]>
    </failure>
  </testcase> <!-- doUserReg -->
  <testcase name="doLogin" time="0.0" classname="testcases.TestCase3">
    <skipped/>
  </testcase> <!-- doLogin -->
  <testcase name="thirdTest" time="0.001" classname="testcases.TestCase3"/>
  <testcase name="fourthTest" time="0.001" classname="testcases.TestCase3"/>
</testsuite> <!-- Test3 -->
